<?xml version="1.0" encoding="UTF-8"?>
<testsuites name="Mocha Tests" time="5.832" tests="6" failures="0">
  <testsuite name="Root Suite" timestamp="2020-07-15T15:05:13" tests="0" file="cypress/integration/APITesting.js" failures="0" time="0">
  </testsuite>
  <testsuite name="Automated tests for the omar-wfs methods" timestamp="2020-07-15T15:05:13" tests="6" failures="0" time="5.832">
    <testcase name="Automated tests for the omar-wfs methods Should test 200 code for describeFeatureType default values" time="5.292" classname="Should test 200 code for describeFeatureType default values">
    </testcase>
    <testcase name="Automated tests for the omar-wfs methods Should test response header for describeFeatureType" time="0.131" classname="Should test response header for describeFeatureType">
    </testcase>
    <testcase name="Automated tests for the omar-wfs methods Should test 200 code for getCapabilities default values" time="0.047" classname="Should test 200 code for getCapabilities default values">
    </testcase>
    <testcase name="Automated tests for the omar-wfs methods Should test response header for getCapabilities" time="0.049" classname="Should test response header for getCapabilities">
    </testcase>
    <testcase name="Automated tests for the omar-wfs methods Should test 200 code for getFeature default values" time="0.156" classname="Should test 200 code for getFeature default values">
    </testcase>
    <testcase name="Automated tests for the omar-wfs methods Should test response header for getFeature" time="0.157" classname="Should test response header for getFeature">
    </testcase>
  </testsuite>
</testsuites>